Assuming unrestricted shared filesystem usage.
host: sv168566-FWN179KHR9.local
Building DAG of jobs...
Using shell: /bin/bash
Provided cores: 1 (use --cores to define parallelism)
Rules claiming more threads will be scaled down.
Job stats:
job              count
-------------  -------
all                  1
predict_model        1
train_model          1
visualize_cv1        1
total                4

Select jobs to execute...
Execute 1 jobs...
[Fri Feb 20 16:18:18 2026]
localrule train_model:
    input: data/processed/modeling_matrix_with_env.csv, data/processed/geno_merged_raw.csv
    output: trained_models/final_model.joblib, trained_models/GRM.npy, trained_models/training_pheno_used.csv, trained_models/training_geno_used.csv, trained_models/training_env_used.csv
    jobid: 2
    reason: Missing output files: trained_models/training_geno_used.csv, trained_models/training_pheno_used.csv, trained_models/final_model.joblib, trained_models/GRM.npy, trained_models/training_env_used.csv
    resources: tmpdir=/var/folders/4b/85bnskg11gx8qwl4wzkw0ghw0000gn/T
Shell command: 
        python src/train_model.py
        
[Fri Feb 20 16:41:48 2026]
Finished jobid: 2 (Rule: train_model)
1 of 4 steps (25%) done
Select jobs to execute...
Execute 1 jobs...
[Fri Feb 20 16:41:48 2026]
localrule predict_model:
    input: trained_models/final_model.joblib, trained_models/training_pheno_used.csv, trained_models/training_geno_used.csv, trained_models/training_env_used.csv, trained_models/GRM.npy
    output: submission_output/cv1_results.csv
    jobid: 1
    reason: Missing output files: submission_output/cv1_results.csv; Input files updated by another job: trained_models/GRM.npy, trained_models/training_env_used.csv, trained_models/training_geno_used.csv, trained_models/training_pheno_used.csv, trained_models/final_model.joblib
    resources: tmpdir=/var/folders/4b/85bnskg11gx8qwl4wzkw0ghw0000gn/T
Shell command: 
        python src/predict_model.py
        
Terminating processes on user request, this might take some time.
RuleException:
CalledProcessError in file "/Users/emilybillow/emilybillow.github.io-8/Snakefile", line 86:
Command 'set -euo pipefail;  
        python src/predict_model.py' died with <Signals.SIGINT: 2>.
[Fri Feb 20 16:44:37 2026]
Error in rule predict_model:
    message: None
    jobid: 1
    input: trained_models/final_model.joblib, trained_models/training_pheno_used.csv, trained_models/training_geno_used.csv, trained_models/training_env_used.csv, trained_models/GRM.npy
    output: submission_output/cv1_results.csv
    shell:
        
        python src/predict_model.py
        
        (command exited with non-zero exit code)
Complete log(s): /Users/emilybillow/emilybillow.github.io-8/.snakemake/log/2026-02-20T161817.185944.snakemake.log
WorkflowError:
At least one job did not complete successfully.
