Assuming unrestricted shared filesystem usage.
host: sv168566-FWN179KHR9.local
Building DAG of jobs...
Using shell: /bin/bash
Provided cores: 1 (use --cores to define parallelism)
Rules claiming more threads will be scaled down.
Job stats:
job                      count
---------------------  -------
all                          1
build_modeling_matrix        1
merge_env                    1
merge_vcfs                   1
predict_model                1
train_model                  1
visualize_cv1                1
total                        7

Select jobs to execute...
Execute 1 jobs...
[Wed Feb 18 10:06:56 2026]
localrule merge_vcfs:
    output: data/processed/geno_merged_raw.csv
    jobid: 5
    reason: Missing output files: data/processed/geno_merged_raw.csv
    resources: tmpdir=/var/folders/4b/85bnskg11gx8qwl4wzkw0ghw0000gn/T
Shell command: 
        python src/merge_vcfs.py
        
[Wed Feb 18 10:29:44 2026]
Finished jobid: 5 (Rule: merge_vcfs)
1 of 7 steps (14%) done
Select jobs to execute...
Execute 1 jobs...
[Wed Feb 18 10:29:44 2026]
localrule build_modeling_matrix:
    input: data/processed/geno_merged_raw.csv
    output: data/processed/modeling_matrix.csv
    jobid: 4
    reason: Missing output files: data/processed/modeling_matrix.csv; Input files updated by another job: data/processed/geno_merged_raw.csv
    resources: tmpdir=/var/folders/4b/85bnskg11gx8qwl4wzkw0ghw0000gn/T
Shell command: 
        python src/modeling_matrix.py
        
[Wed Feb 18 10:29:49 2026]
Finished jobid: 4 (Rule: build_modeling_matrix)
2 of 7 steps (29%) done
Select jobs to execute...
Execute 1 jobs...
[Wed Feb 18 10:29:49 2026]
localrule merge_env:
    input: data/processed/modeling_matrix.csv
    output: data/processed/modeling_matrix_with_env.csv
    jobid: 3
    reason: Input files updated by another job: data/processed/modeling_matrix.csv
    resources: tmpdir=/var/folders/4b/85bnskg11gx8qwl4wzkw0ghw0000gn/T
Shell command: 
        python src/merge_env_into_modeling_matrix.py
        
[Wed Feb 18 10:29:51 2026]
Finished jobid: 3 (Rule: merge_env)
3 of 7 steps (43%) done
Select jobs to execute...
Execute 1 jobs...
[Wed Feb 18 10:29:51 2026]
localrule train_model:
    input: data/processed/modeling_matrix_with_env.csv, data/processed/geno_merged_raw.csv
    output: trained_models/final_model.joblib, trained_models/GRM.npy, trained_models/training_pheno_used.csv, trained_models/training_geno_used.csv, trained_models/training_env_used.csv
    jobid: 2
    reason: Missing output files: trained_models/training_geno_used.csv; Updated input files: ; Input files updated by another job: data/processed/geno_merged_raw.csv, data/processed/modeling_matrix_with_env.csv
    resources: tmpdir=/var/folders/4b/85bnskg11gx8qwl4wzkw0ghw0000gn/T
Shell command: 
        python src/train_model.py
        
RuleException:
CalledProcessError in file "/Users/emilybillow/emilybillow.github.io-8/Snakefile", line 68:
Command 'set -euo pipefail;  
        python src/train_model.py' returned non-zero exit status 1.
[Wed Feb 18 13:37:41 2026]
Error in rule train_model:
    message: None
    jobid: 2
    input: data/processed/modeling_matrix_with_env.csv, data/processed/geno_merged_raw.csv
    output: trained_models/final_model.joblib, trained_models/GRM.npy, trained_models/training_pheno_used.csv, trained_models/training_geno_used.csv, trained_models/training_env_used.csv
    shell:
        
        python src/train_model.py
        
        (command exited with non-zero exit code)
Removing output files of failed job train_model since they might be corrupted:
trained_models/training_pheno_used.csv, trained_models/training_geno_used.csv, trained_models/training_env_used.csv
Shutting down, this might take some time.
Exiting because a job execution failed. Look below for error messages
[Wed Feb 18 13:37:41 2026]
Error in rule train_model:
    message: None
    jobid: 2
    input: data/processed/modeling_matrix_with_env.csv, data/processed/geno_merged_raw.csv
    output: trained_models/final_model.joblib, trained_models/GRM.npy, trained_models/training_pheno_used.csv, trained_models/training_geno_used.csv, trained_models/training_env_used.csv
    shell:
        
        python src/train_model.py
        
        (command exited with non-zero exit code)
Complete log(s): /Users/emilybillow/emilybillow.github.io-8/.snakemake/log/2026-02-18T100655.973299.snakemake.log
WorkflowError:
At least one job did not complete successfully.
